Considering dependency setenvif for ssl:
Module setenvif already enabled
Considering dependency mime for ssl:
Module mime already enabled
Considering dependency socache_shmcb for ssl:
Enabling module socache_shmcb.
Enabling module ssl.
See /usr/share/doc/apache2/README.Debian.gz on how to configure SSL and create self-signed certificates.
To activate the new configuration, you need to run:
  systemctl restart apache2
Generating RSA private key, 2048 bit long modulus (2 primes)
....................................................................+++++
.............................................................+++++
e is 65537 (0x010001)
writing RSA key
Signature ok
subject=C = FR, ST = France, L = Angers, O = Organization, OU = Organizational Unit, CN = 192.168.56.14
Getting Private key
Generating a RSA private key
....................................................+++++
...........+++++
writing new private key to '/etc/ssl/mesCertificat/rootCA-pass.key'
-----
writing RSA key
Signature ok
subject=C = FR, ST = France, L = Angers, O = Organization, OU = Organizational Unit, CN = 192.168.56.14
Getting CA Private Key
Certificate:
    Data:
        Version: 3 (0x2)
        Serial Number:
            2e:a9:41:9b:13:65:ec:d0:9a:f0:a8:ba:ee:fa:b1:d8:1e:10:1c:06
        Signature Algorithm: sha256WithRSAEncryption
        Issuer: C = FR, ST = France, L = Angers, O = Organization, OU = Organizational Unit, CN = 192.168.56.14
        Validity
            Not Before: Jan 22 13:14:36 2024 GMT
            Not After : Jan 21 13:14:36 2025 GMT
        Subject: C = FR, ST = France, L = Angers, O = Organization, OU = Organizational Unit, CN = 192.168.56.14
        Subject Public Key Info:
            Public Key Algorithm: rsaEncryption
                RSA Public-Key: (2048 bit)
                Modulus:
                    00:b0:56:ef:26:0e:d8:1f:4c:ea:5a:4a:27:0e:85:
                    9f:02:28:ef:9e:6f:8e:fa:d1:7b:e9:0f:e6:d6:3b:
                    92:ed:51:0a:35:29:c4:25:1d:a6:55:fe:b3:75:2a:
                    70:85:5b:04:57:75:0d:0d:2d:cd:f2:fe:91:1e:1b:
                    6e:7b:c5:f8:0e:2e:0f:1b:c3:2d:42:9b:d4:8d:a4:
                    10:6a:a2:c4:44:34:3d:99:e4:cc:35:2f:0c:1c:a5:
                    58:16:92:0f:f2:6e:6a:fb:ca:0f:0a:24:88:a8:1f:
                    99:7e:d3:51:69:f0:fa:80:d7:25:ce:70:62:9f:32:
                    3b:b3:9c:a8:00:63:d0:61:ed:2f:5e:ff:b7:6b:2e:
                    c3:32:95:b2:bf:3b:47:97:46:05:ba:d5:d6:d7:47:
                    95:38:69:ff:d5:96:41:22:86:d9:d3:f4:b7:0b:7b:
                    73:91:3b:83:48:3d:d0:e8:21:a2:b6:1e:30:93:ff:
                    f2:8a:75:0d:11:80:9f:11:e5:a3:77:55:cb:ee:07:
                    ba:2c:f1:24:46:ab:26:81:11:b2:63:80:63:41:3f:
                    b0:f1:cf:54:0e:69:fb:cb:94:57:80:dc:be:58:46:
                    c5:e6:e3:02:2f:b0:54:c4:46:ab:2d:39:40:e6:5b:
                    39:ca:bc:42:ad:65:95:b6:f0:fb:b4:02:ba:7d:73:
                    98:9f
                Exponent: 65537 (0x10001)
        X509v3 extensions:
            X509v3 Authority Key Identifier: 
                keyid:45:50:B8:7C:64:AA:7E:E3:E3:B9:14:52:78:44:C3:C0:A3:5A:61:DF

            X509v3 Basic Constraints: 
                CA:FALSE
            X509v3 Subject Alternative Name: 
                DNS:192.168.56.14
    Signature Algorithm: sha256WithRSAEncryption
         49:c7:76:6b:e6:1c:4d:1f:b1:59:3d:9c:a7:26:e3:02:f8:ee:
         04:85:4e:71:41:5a:8b:f2:70:81:6b:50:fc:0a:2a:f8:16:a0:
         d4:ab:b1:29:a2:d8:a9:41:29:7c:b1:95:09:32:61:8e:97:d9:
         d8:17:a5:37:74:68:d9:fa:b0:76:e5:55:90:ce:3f:aa:19:53:
         04:b7:82:53:2e:44:63:c6:e7:93:7a:92:14:0d:b0:cd:65:21:
         10:b5:da:6d:44:9a:31:fa:14:76:4c:69:40:3c:f9:89:03:94:
         cd:20:73:18:ad:ad:ca:9b:bd:7c:44:df:36:92:ba:48:c5:c6:
         9b:13:1b:fd:56:af:78:f6:4e:e5:f2:40:27:d6:a3:4b:46:77:
         7c:ee:cc:4f:f1:49:f5:cc:3a:86:74:0e:08:06:c4:52:23:b2:
         61:a0:66:4e:da:77:71:07:b6:ca:8a:b7:a6:30:a3:d5:7b:f8:
         1b:2f:4a:ed:65:7c:35:ca:c5:20:3f:4a:55:10:ec:e4:d7:17:
         1e:d9:fe:42:e3:2b:df:9e:f8:d3:38:54:4a:15:0a:3f:2d:cd:
         70:da:be:2e:e6:c4:8d:b1:f9:7f:05:21:d0:3b:a4:97:ea:0d:
         85:29:fa:e7:5d:85:63:da:30:3c:85:5e:33:c2:af:5e:1c:9c:
         b5:5c:ad:55
Enabling site frontend_ssl.
To activate the new configuration, you need to run:
  systemctl reload apache2
/usr/bin/ssh-copy-id: INFO: Source of key(s) to be installed: "/root/.ssh/id_rsa.pub"
/usr/bin/ssh-copy-id: INFO: Source of key(s) to be installed: "/root/.ssh/id_rsa.pub"
Considering dependency setenvif for ssl:
Module setenvif already enabled
Considering dependency mime for ssl:
Module mime already enabled
Considering dependency socache_shmcb for ssl:
Enabling module socache_shmcb.
Enabling module ssl.
See /usr/share/doc/apache2/README.Debian.gz on how to configure SSL and create self-signed certificates.
To activate the new configuration, you need to run:
  systemctl restart apache2
Generating RSA private key, 2048 bit long modulus (2 primes)
............................+++++
..................................+++++
e is 65537 (0x010001)
writing RSA key
Signature ok
subject=C = FR, ST = France, L = Angers, O = Organization, OU = Organizational Unit, CN = 192.168.56.14
Getting Private key
Generating a RSA private key
..............................................+++++
............................+++++
writing new private key to '/etc/ssl/mesCertificat/rootCA-pass.key'
-----
writing RSA key
Signature ok
subject=C = FR, ST = France, L = Angers, O = Organization, OU = Organizational Unit, CN = 192.168.56.14
Getting CA Private Key
Certificate:
    Data:
        Version: 3 (0x2)
        Serial Number:
            1f:db:05:f2:32:3c:78:ea:65:e3:3f:71:38:16:71:54:90:19:0d:89
        Signature Algorithm: sha256WithRSAEncryption
        Issuer: C = FR, ST = France, L = Angers, O = Organization, OU = Organizational Unit, CN = 192.168.56.14
        Validity
            Not Before: Jan 22 13:26:41 2024 GMT
            Not After : Jan 21 13:26:41 2025 GMT
        Subject: C = FR, ST = France, L = Angers, O = Organization, OU = Organizational Unit, CN = 192.168.56.14
        Subject Public Key Info:
            Public Key Algorithm: rsaEncryption
                RSA Public-Key: (2048 bit)
                Modulus:
                    00:a4:b8:d3:9b:94:93:36:88:ec:77:ec:46:c8:62:
                    2f:44:db:f4:41:bd:6b:ab:73:8d:37:86:59:9e:94:
                    e4:64:75:50:57:23:d6:0e:f8:7a:6b:40:0f:e1:6c:
                    49:8f:ae:c4:ed:c7:a9:5b:e0:66:8b:d7:57:3c:f3:
                    7b:54:90:a9:88:04:14:86:dc:4f:89:61:55:f2:17:
                    2c:17:f1:43:df:c7:d5:66:85:27:7c:39:3d:1c:59:
                    85:20:6c:58:1b:cc:75:b8:a0:2b:0b:e2:06:68:01:
                    eb:6d:24:86:d6:68:d8:81:20:34:27:a9:dc:2f:d4:
                    bf:10:03:a9:cf:3a:7a:dd:63:9b:e1:19:49:88:9f:
                    ee:1c:b7:90:10:83:78:0f:93:e0:15:94:13:6b:df:
                    ae:b4:3a:6d:6e:1d:62:e6:02:04:18:81:a8:56:64:
                    d4:cb:ff:13:7a:48:16:36:06:8f:c9:d3:4c:e9:54:
                    48:88:07:e8:1a:4e:8a:c0:af:8a:c2:87:6f:fb:4d:
                    f5:8a:89:4b:cb:92:83:1f:d0:5c:c8:5b:52:6d:d5:
                    85:43:af:2c:e3:46:6d:bc:75:ee:44:d1:a4:90:b7:
                    e8:51:2f:6a:11:ed:4b:5a:b1:8d:43:0e:74:00:25:
                    1c:bb:2b:6b:75:62:6a:a6:52:c1:fc:11:3d:1e:1d:
                    9e:6d
                Exponent: 65537 (0x10001)
        X509v3 extensions:
            X509v3 Authority Key Identifier: 
                keyid:E2:7D:0C:EE:7E:36:1D:90:98:E2:51:F9:04:9C:22:ED:B8:65:F6:C1

            X509v3 Basic Constraints: 
                CA:FALSE
            X509v3 Subject Alternative Name: 
                DNS:192.168.56.14
    Signature Algorithm: sha256WithRSAEncryption
         7c:b0:8a:d9:14:35:9e:6f:d4:f1:53:fc:71:ff:d0:f6:d3:b4:
         55:5e:5e:25:d1:87:ad:88:0a:41:3d:24:ab:83:01:b9:4d:1f:
         73:d8:3d:16:71:e3:22:81:12:91:0c:5a:7c:1a:a3:51:c5:f4:
         78:c8:92:3e:e4:3e:84:b1:4b:53:b2:5e:f4:65:f9:6d:9e:bb:
         3f:1e:3d:50:24:89:91:8f:12:4d:27:1c:ef:7f:fe:77:ab:93:
         b6:d2:99:46:ec:4f:c3:12:53:cb:0a:1d:f5:b5:e3:f0:8d:fc:
         9c:3c:a2:9a:12:66:5d:47:ab:4b:e9:13:a7:c7:af:ac:2d:41:
         ab:fd:24:87:26:55:24:c7:95:fc:23:ec:c0:2a:e4:79:54:42:
         10:4e:08:03:28:65:8c:61:64:fc:ac:1f:68:72:dd:d0:d6:1e:
         ed:0d:2d:b9:3e:29:a4:3e:c7:b5:e0:d7:44:74:8a:c3:63:e8:
         9b:f4:16:00:da:f7:d4:83:38:bc:9f:c2:3c:65:d1:da:fb:1b:
         41:e9:f0:30:bd:8d:1b:a9:50:71:d5:35:dd:d6:f3:01:48:13:
         1c:69:53:5c:c6:a1:e9:01:05:01:56:db:de:4c:15:ac:f7:61:
         6c:bc:09:b6:47:97:c5:a6:e8:d6:f9:99:5a:ef:f2:0d:4c:1f:
         a8:a7:e9:85
Enabling site frontend_ssl.
To activate the new configuration, you need to run:
  systemctl reload apache2
/usr/bin/ssh-copy-id: INFO: Source of key(s) to be installed: "/root/.ssh/id_rsa.pub"
/usr/bin/ssh-copy-id: INFO: Source of key(s) to be installed: "/root/.ssh/id_rsa.pub"
Considering dependency setenvif for ssl:
Module setenvif already enabled
Considering dependency mime for ssl:
Module mime already enabled
Considering dependency socache_shmcb for ssl:
Enabling module socache_shmcb.
Enabling module ssl.
See /usr/share/doc/apache2/README.Debian.gz on how to configure SSL and create self-signed certificates.
To activate the new configuration, you need to run:
  systemctl restart apache2
Generating RSA private key, 2048 bit long modulus (2 primes)
.................................................+++++
....................+++++
e is 65537 (0x010001)
writing RSA key
Signature ok
subject=C = FR, ST = France, L = Angers, O = Organization, OU = Organizational Unit, CN = 192.168.56.14
Getting Private key
Generating a RSA private key
...............................................................................+++++
..............+++++
writing new private key to '/etc/ssl/mesCertificat/rootCA-pass.key'
-----
writing RSA key
Signature ok
subject=C = FR, ST = France, L = Angers, O = Organization, OU = Organizational Unit, CN = 192.168.56.14
Getting CA Private Key
Certificate:
    Data:
        Version: 3 (0x2)
        Serial Number:
            53:59:d4:44:79:f7:10:21:da:76:f7:54:99:bb:21:e3:fa:a7:dd:98
        Signature Algorithm: sha256WithRSAEncryption
        Issuer: C = FR, ST = France, L = Angers, O = Organization, OU = Organizational Unit, CN = 192.168.56.14
        Validity
            Not Before: Jan 22 14:01:21 2024 GMT
            Not After : Jan 21 14:01:21 2025 GMT
        Subject: C = FR, ST = France, L = Angers, O = Organization, OU = Organizational Unit, CN = 192.168.56.14
        Subject Public Key Info:
            Public Key Algorithm: rsaEncryption
                RSA Public-Key: (2048 bit)
                Modulus:
                    00:c3:17:fa:c1:a0:2c:e1:f3:27:e4:c3:77:92:3d:
                    96:65:a0:e1:26:94:26:5b:96:ef:08:7c:62:c8:a2:
                    b3:a0:d0:b3:2a:e6:74:df:6e:8f:2d:22:4d:ca:8d:
                    5d:6a:c0:2c:d9:8f:db:ec:14:8c:04:cf:d3:94:f9:
                    75:ff:d0:61:e3:36:9a:ce:fc:69:a3:2f:45:0b:bb:
                    2a:1a:fd:40:80:a4:bb:8f:e2:54:ab:2a:43:05:be:
                    72:33:d0:ed:c2:ba:45:14:19:a5:0f:15:af:7b:ab:
                    27:02:5b:72:3a:1c:f4:61:8e:a5:0b:84:d7:da:68:
                    3a:c2:21:49:ec:8a:29:87:e4:30:4b:9a:05:49:ec:
                    28:4e:ee:25:f5:ff:b3:e1:36:4a:e6:78:80:67:0a:
                    68:bf:c0:75:8b:ee:48:6f:79:9c:a4:61:3f:18:d5:
                    3f:ef:58:63:66:ff:45:b0:b3:dd:8c:3a:ea:30:e5:
                    48:c0:63:39:06:51:d9:1d:66:30:c8:c9:cb:3f:38:
                    dd:b5:c9:a7:90:d2:6b:37:d6:cc:94:e9:7b:08:6e:
                    4f:aa:c0:cf:fe:55:33:04:35:41:f7:63:df:81:93:
                    d7:1f:40:a9:4b:e0:33:8b:fb:97:83:67:16:f9:af:
                    68:57:a6:c1:71:28:c5:64:13:ba:0d:49:ff:cb:1b:
                    db:dd
                Exponent: 65537 (0x10001)
        X509v3 extensions:
            X509v3 Authority Key Identifier: 
                keyid:1D:B4:23:31:A4:72:AF:CB:14:A7:2B:80:72:64:4D:77:15:AA:9E:99

            X509v3 Basic Constraints: 
                CA:FALSE
            X509v3 Subject Alternative Name: 
                DNS:192.168.56.14
    Signature Algorithm: sha256WithRSAEncryption
         20:83:8f:a1:9e:37:a0:a3:9f:9d:97:2f:91:a5:82:40:ca:a0:
         5f:90:dd:8c:c4:c1:11:60:be:03:d1:b6:5a:ed:89:b3:47:8b:
         77:e4:eb:31:1d:64:a0:68:d0:df:38:bc:26:c6:d1:27:29:bf:
         f4:d6:47:ab:03:a8:74:05:51:5d:4b:d3:a8:0b:51:06:71:c1:
         26:6f:65:87:58:5a:6c:66:b7:95:55:e4:cb:41:a1:b5:fb:4b:
         87:e5:b6:f1:4b:db:7f:0c:3f:97:65:73:2b:40:7d:e0:a9:27:
         50:7b:90:1f:9a:92:54:af:0f:33:6b:ca:ef:41:cf:8a:b3:39:
         40:23:9f:18:43:f2:82:82:4b:38:02:e9:a5:99:3d:9f:31:46:
         66:96:b6:d1:24:37:a4:8f:c4:6d:3a:c8:8d:81:26:e1:71:2a:
         ea:66:8a:66:56:f6:dd:80:a1:ce:09:5c:3b:f3:71:b9:8b:47:
         38:a0:4c:8e:cd:73:91:7e:e8:d2:11:ec:d2:50:11:54:eb:7c:
         19:2e:de:04:9c:3c:e6:5d:b1:3a:e6:4c:3b:03:0d:6f:3a:1d:
         8d:cf:17:e9:81:bd:ea:6e:42:78:29:62:48:36:08:42:5d:db:
         91:11:c8:9b:61:40:a9:4f:eb:a0:1b:6e:52:92:9a:62:9c:57:
         28:79:b6:07
Enabling site frontend_ssl.
To activate the new configuration, you need to run:
  systemctl reload apache2
/usr/bin/ssh-copy-id: INFO: Source of key(s) to be installed: "/root/.ssh/id_rsa.pub"
/usr/bin/ssh-copy-id: INFO: Source of key(s) to be installed: "/root/.ssh/id_rsa.pub"
Considering dependency setenvif for ssl:
Module setenvif already enabled
Considering dependency mime for ssl:
Module mime already enabled
Considering dependency socache_shmcb for ssl:
Enabling module socache_shmcb.
Enabling module ssl.
See /usr/share/doc/apache2/README.Debian.gz on how to configure SSL and create self-signed certificates.
To activate the new configuration, you need to run:
  systemctl restart apache2
Generating RSA private key, 2048 bit long modulus (2 primes)
..+++++
.................................................+++++
e is 65537 (0x010001)
writing RSA key
Signature ok
subject=C = FR, ST = France, L = Angers, O = Organization, OU = Organizational Unit, CN = 192.168.56.14
Getting Private key
Generating a RSA private key
.............................................................................................................................................................................................................+++++
............+++++
writing new private key to '/etc/ssl/mesCertificat/rootCA-pass.key'
-----
writing RSA key
Signature ok
subject=C = FR, ST = France, L = Angers, O = Organization, OU = Organizational Unit, CN = 192.168.56.14
Getting CA Private Key
Certificate:
    Data:
        Version: 3 (0x2)
        Serial Number:
            21:82:99:3e:24:c6:d9:41:af:f3:d8:6f:3e:62:df:1d:00:93:69:72
        Signature Algorithm: sha256WithRSAEncryption
        Issuer: C = FR, ST = France, L = Angers, O = Organization, OU = Organizational Unit, CN = 192.168.56.14
        Validity
            Not Before: Jan 23 09:21:58 2024 GMT
            Not After : Jan 22 09:21:58 2025 GMT
        Subject: C = FR, ST = France, L = Angers, O = Organization, OU = Organizational Unit, CN = 192.168.56.14
        Subject Public Key Info:
            Public Key Algorithm: rsaEncryption
                RSA Public-Key: (2048 bit)
                Modulus:
                    00:d0:7c:a1:2f:1b:b2:3c:20:df:e5:14:f0:a6:83:
                    6d:e6:53:75:d9:5b:4c:ee:2e:a8:ed:5b:f3:43:6a:
                    a7:c9:d5:4d:b4:61:dc:33:46:28:6b:e5:b3:f5:23:
                    e4:36:04:5c:a3:dd:99:b6:29:0d:ec:dc:05:63:a6:
                    12:d1:d3:ed:09:84:71:78:f4:1e:c6:c3:79:1b:90:
                    c3:00:fd:db:c2:a7:95:48:13:a7:97:4f:a3:22:0f:
                    0d:f7:18:e9:82:a9:e3:6f:61:80:5a:83:af:23:2c:
                    ab:4a:35:9f:14:c4:0d:1f:a2:cb:ff:4b:1d:14:b3:
                    e1:bb:7e:93:9c:a3:4a:22:8e:cb:1a:e0:c2:e5:d6:
                    82:e1:b9:a9:0c:ee:60:2d:ff:dd:85:4b:36:7f:6f:
                    3b:04:08:94:a1:6c:0a:7d:94:17:b9:62:6f:66:42:
                    3d:74:c9:22:b9:fd:86:1f:54:7a:68:ab:cd:41:da:
                    35:b1:3d:ca:00:12:de:9c:34:c0:89:88:a5:96:46:
                    dc:15:07:f6:75:c7:8f:23:09:16:32:6f:7e:1c:c2:
                    12:56:38:38:e4:e9:a6:12:b7:9b:87:62:45:62:b6:
                    9b:46:7e:72:c4:9a:ca:af:67:4e:6a:3f:87:7d:5f:
                    04:35:07:01:d8:43:a5:3e:b2:04:fb:d9:5b:8c:b8:
                    b3:35
                Exponent: 65537 (0x10001)
        X509v3 extensions:
            X509v3 Authority Key Identifier: 
                keyid:60:2B:EE:EF:A0:E0:9F:BC:71:29:A2:DA:CB:E2:86:F0:E0:66:D3:D3

            X509v3 Basic Constraints: 
                CA:FALSE
            X509v3 Subject Alternative Name: 
                DNS:192.168.56.14
    Signature Algorithm: sha256WithRSAEncryption
         ae:dd:7e:fd:ac:a4:1c:9d:59:50:40:3c:a9:f5:68:34:08:34:
         48:02:ce:5f:57:08:26:6c:1f:83:14:e7:6e:52:5b:b2:12:99:
         48:47:e2:22:95:d4:fb:a3:fc:62:c0:83:ec:de:0c:43:23:33:
         f8:cf:09:78:89:cf:87:b0:7b:92:c0:0a:47:6a:8a:0e:29:85:
         bc:89:57:e3:fc:bd:27:0c:ea:b5:b8:24:b6:50:63:8e:fd:4c:
         88:6f:95:51:57:e5:ee:fa:5b:f4:52:f5:88:3b:ec:47:64:af:
         ba:55:90:d0:46:27:4b:7f:1f:85:d6:c3:f4:24:d4:4e:12:4b:
         da:ed:1d:8e:51:3d:41:73:99:b0:f4:bf:de:64:77:9c:4e:2d:
         6b:17:33:9f:f0:a7:b7:06:9f:a1:82:b7:ae:b4:fe:c1:3b:fb:
         d1:c3:08:21:e1:c1:f9:20:42:85:2a:e3:7d:6f:4c:34:24:18:
         f2:41:2d:24:0a:17:3a:55:38:9e:32:75:72:58:df:c9:e3:e8:
         81:aa:5d:f2:08:9a:77:c7:32:fa:92:90:19:d7:43:c6:6b:5c:
         9e:96:c6:ac:9a:1d:61:1f:3e:82:41:fd:27:01:ff:2c:c0:0c:
         2f:f1:25:cf:c1:dc:50:82:8f:a7:bf:a3:8d:ac:fd:ad:71:be:
         8f:f0:e7:01
Enabling site frontend_ssl.
To activate the new configuration, you need to run:
  systemctl reload apache2
/usr/bin/ssh-copy-id: INFO: Source of key(s) to be installed: "/root/.ssh/id_rsa.pub"
/usr/bin/ssh-copy-id: INFO: Source of key(s) to be installed: "/root/.ssh/id_rsa.pub"
