Cloning into 'L-agence'...
npm WARN EBADENGINE Unsupported engine {
npm WARN EBADENGINE   package: 'react-lottie@1.2.4',
npm WARN EBADENGINE   required: { npm: '^3.0.0' },
npm WARN EBADENGINE   current: { node: 'v21.6.0', npm: '10.2.4' }
npm WARN EBADENGINE }
npm WARN deprecated core-js@2.6.12: core-js@<3.23.3 is no longer maintained and not recommended for usage due to the number of issues. Because of the V8 engine whims, feature detection in old core-js versions could cause a slowdown up to 100x even if nothing is polyfilled. Some versions have web compatibility issues. Please, upgrade your dependencies to the actual version of core-js.

added 381 packages, and audited 383 packages in 54s

121 packages are looking for funding
  run `npm fund` for details

1 high severity vulnerability

To address all issues, run:
  npm audit fix

Run `npm audit` for details.

> frontend@0.0.0 build
> vite build

vite v5.0.8 building for production...
transforming...
../../node_modules/lottie-web/build/player/lottie.js (17010:32) Use of eval in "../../node_modules/lottie-web/build/player/lottie.js" is strongly discouraged as it poses security risks and may cause issues with minification.
✓ 457 modules transformed.
rendering chunks...
computing gzip size...
dist/index.html                               0.92 kB │ gzip:   0.47 kB
dist/assets/placeholder_image-upeXka0s.jpg    4.36 kB
dist/assets/l-agence_logo-msqZ6-QT.png        5.96 kB
dist/assets/avatar-PG1-sYQ8.png              23.81 kB
dist/assets/404-vebmKcDh.png                275.52 kB
dist/assets/index-AfS_8FsT.css               29.46 kB │ gzip:   5.79 kB
dist/assets/index-9G31bZ5z.js               815.28 kB │ gzip: 222.81 kB

(!) Some chunks are larger than 500 kB after minification. Consider:
- Using dynamic import() to code-split the application
- Use build.rollupOptions.output.manualChunks to improve chunking: https://rollupjs.org/configuration-options/#output-manualchunks
- Adjust chunk size limit for this warning via build.chunkSizeWarningLimit.
✓ built in 7.59s
npm WARN EBADENGINE Unsupported engine {
npm WARN EBADENGINE   package: 'react-lottie@1.2.4',
npm WARN EBADENGINE   required: { npm: '^3.0.0' },
npm WARN EBADENGINE   current: { node: 'v21.6.0', npm: '10.2.4' }
npm WARN EBADENGINE }

added 337 packages, and audited 721 packages in 16s

155 packages are looking for funding
  run `npm fund` for details

found 0 vulnerabilities
Cloning into 'L-agence'...
npm WARN EBADENGINE Unsupported engine {
npm WARN EBADENGINE   package: 'react-lottie@1.2.4',
npm WARN EBADENGINE   required: { npm: '^3.0.0' },
npm WARN EBADENGINE   current: { node: 'v21.6.0', npm: '10.2.4' }
npm WARN EBADENGINE }
npm WARN deprecated core-js@2.6.12: core-js@<3.23.3 is no longer maintained and not recommended for usage due to the number of issues. Because of the V8 engine whims, feature detection in old core-js versions could cause a slowdown up to 100x even if nothing is polyfilled. Some versions have web compatibility issues. Please, upgrade your dependencies to the actual version of core-js.

added 381 packages, and audited 383 packages in 45s

121 packages are looking for funding
  run `npm fund` for details

1 high severity vulnerability

To address all issues, run:
  npm audit fix

Run `npm audit` for details.

> frontend@0.0.0 build
> vite build

vite v5.0.8 building for production...
transforming...
../../node_modules/lottie-web/build/player/lottie.js (17010:32) Use of eval in "../../node_modules/lottie-web/build/player/lottie.js" is strongly discouraged as it poses security risks and may cause issues with minification.
✓ 457 modules transformed.
rendering chunks...
computing gzip size...
dist/index.html                               0.92 kB │ gzip:   0.47 kB
dist/assets/placeholder_image-upeXka0s.jpg    4.36 kB
dist/assets/l-agence_logo-msqZ6-QT.png        5.96 kB
dist/assets/avatar-PG1-sYQ8.png              23.81 kB
dist/assets/404-vebmKcDh.png                275.52 kB
dist/assets/index-AfS_8FsT.css               29.46 kB │ gzip:   5.79 kB
dist/assets/index-9G31bZ5z.js               815.28 kB │ gzip: 222.81 kB

(!) Some chunks are larger than 500 kB after minification. Consider:
- Using dynamic import() to code-split the application
- Use build.rollupOptions.output.manualChunks to improve chunking: https://rollupjs.org/configuration-options/#output-manualchunks
- Adjust chunk size limit for this warning via build.chunkSizeWarningLimit.
✓ built in 7.51s
npm WARN EBADENGINE Unsupported engine {
npm WARN EBADENGINE   package: 'react-lottie@1.2.4',
npm WARN EBADENGINE   required: { npm: '^3.0.0' },
npm WARN EBADENGINE   current: { node: 'v21.6.0', npm: '10.2.4' }
npm WARN EBADENGINE }

added 337 packages, and audited 721 packages in 17s

155 packages are looking for funding
  run `npm fund` for details

found 0 vulnerabilities
Cloning into 'L-agence'...
npm WARN EBADENGINE Unsupported engine {
npm WARN EBADENGINE   package: 'react-lottie@1.2.4',
npm WARN EBADENGINE   required: { npm: '^3.0.0' },
npm WARN EBADENGINE   current: { node: 'v21.6.0', npm: '10.2.4' }
npm WARN EBADENGINE }
npm WARN deprecated core-js@2.6.12: core-js@<3.23.3 is no longer maintained and not recommended for usage due to the number of issues. Because of the V8 engine whims, feature detection in old core-js versions could cause a slowdown up to 100x even if nothing is polyfilled. Some versions have web compatibility issues. Please, upgrade your dependencies to the actual version of core-js.

added 381 packages, and audited 383 packages in 49s

121 packages are looking for funding
  run `npm fund` for details

1 high severity vulnerability

To address all issues, run:
  npm audit fix

Run `npm audit` for details.

> frontend@0.0.0 build
> vite build

vite v5.0.8 building for production...
transforming...
../../node_modules/lottie-web/build/player/lottie.js (17010:32) Use of eval in "../../node_modules/lottie-web/build/player/lottie.js" is strongly discouraged as it poses security risks and may cause issues with minification.
✓ 457 modules transformed.
rendering chunks...
computing gzip size...
dist/index.html                               0.92 kB │ gzip:   0.47 kB
dist/assets/placeholder_image-upeXka0s.jpg    4.36 kB
dist/assets/l-agence_logo-msqZ6-QT.png        5.96 kB
dist/assets/avatar-PG1-sYQ8.png              23.81 kB
dist/assets/404-vebmKcDh.png                275.52 kB
dist/assets/index-AfS_8FsT.css               29.46 kB │ gzip:   5.79 kB
dist/assets/index-9G31bZ5z.js               815.28 kB │ gzip: 222.81 kB

(!) Some chunks are larger than 500 kB after minification. Consider:
- Using dynamic import() to code-split the application
- Use build.rollupOptions.output.manualChunks to improve chunking: https://rollupjs.org/configuration-options/#output-manualchunks
- Adjust chunk size limit for this warning via build.chunkSizeWarningLimit.
✓ built in 7.20s
npm WARN EBADENGINE Unsupported engine {
npm WARN EBADENGINE   package: 'react-lottie@1.2.4',
npm WARN EBADENGINE   required: { npm: '^3.0.0' },
npm WARN EBADENGINE   current: { node: 'v21.6.0', npm: '10.2.4' }
npm WARN EBADENGINE }

added 337 packages, and audited 721 packages in 16s

155 packages are looking for funding
  run `npm fund` for details

found 0 vulnerabilities
Cloning into 'L-agence'...
npm WARN EBADENGINE Unsupported engine {
npm WARN EBADENGINE   package: 'react-lottie@1.2.4',
npm WARN EBADENGINE   required: { npm: '^3.0.0' },
npm WARN EBADENGINE   current: { node: 'v21.6.0', npm: '10.2.4' }
npm WARN EBADENGINE }
npm WARN deprecated core-js@2.6.12: core-js@<3.23.3 is no longer maintained and not recommended for usage due to the number of issues. Because of the V8 engine whims, feature detection in old core-js versions could cause a slowdown up to 100x even if nothing is polyfilled. Some versions have web compatibility issues. Please, upgrade your dependencies to the actual version of core-js.

added 381 packages, and audited 383 packages in 43s

121 packages are looking for funding
  run `npm fund` for details

1 high severity vulnerability

To address all issues, run:
  npm audit fix

Run `npm audit` for details.

> frontend@0.0.0 build
> vite build

vite v5.0.8 building for production...
transforming...
../../node_modules/lottie-web/build/player/lottie.js (17010:32) Use of eval in "../../node_modules/lottie-web/build/player/lottie.js" is strongly discouraged as it poses security risks and may cause issues with minification.
✓ 457 modules transformed.
rendering chunks...
computing gzip size...
dist/index.html                               0.92 kB │ gzip:   0.47 kB
dist/assets/placeholder_image-upeXka0s.jpg    4.36 kB
dist/assets/l-agence_logo-msqZ6-QT.png        5.96 kB
dist/assets/avatar-PG1-sYQ8.png              23.81 kB
dist/assets/404-vebmKcDh.png                275.52 kB
dist/assets/index-AfS_8FsT.css               29.46 kB │ gzip:   5.79 kB
dist/assets/index-9G31bZ5z.js               815.28 kB │ gzip: 222.81 kB

(!) Some chunks are larger than 500 kB after minification. Consider:
- Using dynamic import() to code-split the application
- Use build.rollupOptions.output.manualChunks to improve chunking: https://rollupjs.org/configuration-options/#output-manualchunks
- Adjust chunk size limit for this warning via build.chunkSizeWarningLimit.
✓ built in 6.94s
npm WARN EBADENGINE Unsupported engine {
npm WARN EBADENGINE   package: 'react-lottie@1.2.4',
npm WARN EBADENGINE   required: { npm: '^3.0.0' },
npm WARN EBADENGINE   current: { node: 'v21.6.0', npm: '10.2.4' }
npm WARN EBADENGINE }

added 337 packages, and audited 721 packages in 15s

155 packages are looking for funding
  run `npm fund` for details

found 0 vulnerabilities
Cloning into 'L-agence'...
npm WARN EBADENGINE Unsupported engine {
npm WARN EBADENGINE   package: 'react-lottie@1.2.4',
npm WARN EBADENGINE   required: { npm: '^3.0.0' },
npm WARN EBADENGINE   current: { node: 'v21.6.0', npm: '10.2.4' }
npm WARN EBADENGINE }
npm WARN deprecated core-js@2.6.12: core-js@<3.23.3 is no longer maintained and not recommended for usage due to the number of issues. Because of the V8 engine whims, feature detection in old core-js versions could cause a slowdown up to 100x even if nothing is polyfilled. Some versions have web compatibility issues. Please, upgrade your dependencies to the actual version of core-js.

added 381 packages, and audited 383 packages in 42s

121 packages are looking for funding
  run `npm fund` for details

1 high severity vulnerability

To address all issues, run:
  npm audit fix

Run `npm audit` for details.

> frontend@0.0.0 build
> vite build

vite v5.0.8 building for production...
transforming...
../../node_modules/lottie-web/build/player/lottie.js (17010:32) Use of eval in "../../node_modules/lottie-web/build/player/lottie.js" is strongly discouraged as it poses security risks and may cause issues with minification.
✓ 457 modules transformed.
rendering chunks...
computing gzip size...
dist/index.html                               0.92 kB │ gzip:   0.47 kB
dist/assets/placeholder_image-upeXka0s.jpg    4.36 kB
dist/assets/l-agence_logo-msqZ6-QT.png        5.96 kB
dist/assets/avatar-PG1-sYQ8.png              23.81 kB
dist/assets/404-vebmKcDh.png                275.52 kB
dist/assets/index-AfS_8FsT.css               29.46 kB │ gzip:   5.79 kB
dist/assets/index-9G31bZ5z.js               815.28 kB │ gzip: 222.81 kB

(!) Some chunks are larger than 500 kB after minification. Consider:
- Using dynamic import() to code-split the application
- Use build.rollupOptions.output.manualChunks to improve chunking: https://rollupjs.org/configuration-options/#output-manualchunks
- Adjust chunk size limit for this warning via build.chunkSizeWarningLimit.
✓ built in 7.59s
npm WARN EBADENGINE Unsupported engine {
npm WARN EBADENGINE   package: 'react-lottie@1.2.4',
npm WARN EBADENGINE   required: { npm: '^3.0.0' },
npm WARN EBADENGINE   current: { node: 'v21.6.0', npm: '10.2.4' }
npm WARN EBADENGINE }

added 337 packages, and audited 721 packages in 16s

155 packages are looking for funding
  run `npm fund` for details

found 0 vulnerabilities
Cloning into 'L-agence'...
npm WARN EBADENGINE Unsupported engine {
npm WARN EBADENGINE   package: 'react-lottie@1.2.4',
npm WARN EBADENGINE   required: { npm: '^3.0.0' },
npm WARN EBADENGINE   current: { node: 'v21.6.0', npm: '10.2.4' }
npm WARN EBADENGINE }
npm WARN deprecated core-js@2.6.12: core-js@<3.23.3 is no longer maintained and not recommended for usage due to the number of issues. Because of the V8 engine whims, feature detection in old core-js versions could cause a slowdown up to 100x even if nothing is polyfilled. Some versions have web compatibility issues. Please, upgrade your dependencies to the actual version of core-js.

added 381 packages, and audited 383 packages in 42s

121 packages are looking for funding
  run `npm fund` for details

1 high severity vulnerability

To address all issues, run:
  npm audit fix

Run `npm audit` for details.

> frontend@0.0.0 build
> vite build

vite v5.0.8 building for production...
transforming...
../../node_modules/lottie-web/build/player/lottie.js (17010:32) Use of eval in "../../node_modules/lottie-web/build/player/lottie.js" is strongly discouraged as it poses security risks and may cause issues with minification.
✓ 457 modules transformed.
rendering chunks...
computing gzip size...
dist/index.html                               0.92 kB │ gzip:   0.47 kB
dist/assets/placeholder_image-upeXka0s.jpg    4.36 kB
dist/assets/l-agence_logo-msqZ6-QT.png        5.96 kB
dist/assets/avatar-PG1-sYQ8.png              23.81 kB
dist/assets/404-vebmKcDh.png                275.52 kB
dist/assets/index-AfS_8FsT.css               29.46 kB │ gzip:   5.79 kB
dist/assets/index-9G31bZ5z.js               815.28 kB │ gzip: 222.81 kB

(!) Some chunks are larger than 500 kB after minification. Consider:
- Using dynamic import() to code-split the application
- Use build.rollupOptions.output.manualChunks to improve chunking: https://rollupjs.org/configuration-options/#output-manualchunks
- Adjust chunk size limit for this warning via build.chunkSizeWarningLimit.
✓ built in 6.78s
npm WARN EBADENGINE Unsupported engine {
npm WARN EBADENGINE   package: 'react-lottie@1.2.4',
npm WARN EBADENGINE   required: { npm: '^3.0.0' },
npm WARN EBADENGINE   current: { node: 'v21.6.0', npm: '10.2.4' }
npm WARN EBADENGINE }

added 337 packages, and audited 721 packages in 16s

155 packages are looking for funding
  run `npm fund` for details

found 0 vulnerabilities
Cloning into 'L-agence'...
npm WARN EBADENGINE Unsupported engine {
npm WARN EBADENGINE   package: 'react-lottie@1.2.4',
npm WARN EBADENGINE   required: { npm: '^3.0.0' },
npm WARN EBADENGINE   current: { node: 'v21.6.1', npm: '10.2.4' }
npm WARN EBADENGINE }
npm WARN deprecated core-js@2.6.12: core-js@<3.23.3 is no longer maintained and not recommended for usage due to the number of issues. Because of the V8 engine whims, feature detection in old core-js versions could cause a slowdown up to 100x even if nothing is polyfilled. Some versions have web compatibility issues. Please, upgrade your dependencies to the actual version of core-js.

added 381 packages, and audited 383 packages in 41s

121 packages are looking for funding
  run `npm fund` for details

1 high severity vulnerability

To address all issues, run:
  npm audit fix

Run `npm audit` for details.

> frontend@0.0.0 build
> vite build

vite v5.0.8 building for production...
transforming...
../../node_modules/lottie-web/build/player/lottie.js (17010:32) Use of eval in "../../node_modules/lottie-web/build/player/lottie.js" is strongly discouraged as it poses security risks and may cause issues with minification.
✓ 459 modules transformed.
rendering chunks...
computing gzip size...
dist/index.html                               0.92 kB │ gzip:   0.47 kB
dist/assets/placeholder_image-upeXka0s.jpg    4.36 kB
dist/assets/l-agence_logo-msqZ6-QT.png        5.96 kB
dist/assets/avatar-PG1-sYQ8.png              23.81 kB
dist/assets/404-vebmKcDh.png                275.52 kB
dist/assets/index-gkxmOD-L.css               30.60 kB │ gzip:   5.91 kB
dist/assets/index-xO1fpG3n.js               819.11 kB │ gzip: 223.62 kB

(!) Some chunks are larger than 500 kB after minification. Consider:
- Using dynamic import() to code-split the application
- Use build.rollupOptions.output.manualChunks to improve chunking: https://rollupjs.org/configuration-options/#output-manualchunks
- Adjust chunk size limit for this warning via build.chunkSizeWarningLimit.
✓ built in 7.06s
npm WARN EBADENGINE Unsupported engine {
npm WARN EBADENGINE   package: 'react-lottie@1.2.4',
npm WARN EBADENGINE   required: { npm: '^3.0.0' },
npm WARN EBADENGINE   current: { node: 'v21.6.1', npm: '10.2.4' }
npm WARN EBADENGINE }

added 337 packages, and audited 721 packages in 16s

155 packages are looking for funding
  run `npm fund` for details

found 0 vulnerabilities
hint: Pulling without specifying how to reconcile divergent branches is
hint: discouraged. You can squelch this message by running one of the following
hint: commands sometime before your next pull:
hint: 
hint:   git config pull.rebase false  # merge (the default strategy)
hint:   git config pull.rebase true   # rebase
hint:   git config pull.ff only       # fast-forward only
hint: 
hint: You can replace "git config" with "git config --global" to set a default
hint: preference for all repositories. You can also pass --rebase, --no-rebase,
hint: or --ff-only on the command line to override the configured default per
hint: invocation.
Already up to date.
npm WARN EBADENGINE Unsupported engine {
npm WARN EBADENGINE   package: 'react-lottie@1.2.4',
npm WARN EBADENGINE   required: { npm: '^3.0.0' },
npm WARN EBADENGINE   current: { node: 'v21.6.1', npm: '10.2.4' }
npm WARN EBADENGINE }

up to date, audited 721 packages in 5s

155 packages are looking for funding
  run `npm fund` for details

1 high severity vulnerability

To address all issues, run:
  npm audit fix

Run `npm audit` for details.

> frontend@0.0.0 build
> vite build

vite v5.0.8 building for production...
transforming...
../../node_modules/lottie-web/build/player/lottie.js (17010:32) Use of eval in "../../node_modules/lottie-web/build/player/lottie.js" is strongly discouraged as it poses security risks and may cause issues with minification.
✓ 465 modules transformed.
rendering chunks...
computing gzip size...
dist/index.html                               0.92 kB │ gzip:   0.47 kB
dist/assets/placeholder_image-upeXka0s.jpg    4.36 kB
dist/assets/l-agence_logo-msqZ6-QT.png        5.96 kB
dist/assets/avatar-PG1-sYQ8.png              23.81 kB
dist/assets/404-vebmKcDh.png                275.52 kB
dist/assets/index-gkxmOD-L.css               30.60 kB │ gzip:   5.91 kB
dist/assets/index-Z8Z6iz8M.js               818.13 kB │ gzip: 223.45 kB

(!) Some chunks are larger than 500 kB after minification. Consider:
- Using dynamic import() to code-split the application
- Use build.rollupOptions.output.manualChunks to improve chunking: https://rollupjs.org/configuration-options/#output-manualchunks
- Adjust chunk size limit for this warning via build.chunkSizeWarningLimit.
✓ built in 7.98s
npm WARN EBADENGINE Unsupported engine {
npm WARN EBADENGINE   package: 'react-lottie@1.2.4',
npm WARN EBADENGINE   required: { npm: '^3.0.0' },
npm WARN EBADENGINE   current: { node: 'v21.6.1', npm: '10.2.4' }
npm WARN EBADENGINE }

up to date, audited 721 packages in 3s

155 packages are looking for funding
  run `npm fund` for details

found 0 vulnerabilities
hint: Pulling without specifying how to reconcile divergent branches is
hint: discouraged. You can squelch this message by running one of the following
hint: commands sometime before your next pull:
hint: 
hint:   git config pull.rebase false  # merge (the default strategy)
hint:   git config pull.rebase true   # rebase
hint:   git config pull.ff only       # fast-forward only
hint: 
hint: You can replace "git config" with "git config --global" to set a default
hint: preference for all repositories. You can also pass --rebase, --no-rebase,
hint: or --ff-only on the command line to override the configured default per
hint: invocation.
Already up to date.
npm WARN EBADENGINE Unsupported engine {
npm WARN EBADENGINE   package: 'react-lottie@1.2.4',
npm WARN EBADENGINE   required: { npm: '^3.0.0' },
npm WARN EBADENGINE   current: { node: 'v21.6.1', npm: '10.2.4' }
npm WARN EBADENGINE }

up to date, audited 721 packages in 3s

155 packages are looking for funding
  run `npm fund` for details

1 high severity vulnerability

To address all issues, run:
  npm audit fix

Run `npm audit` for details.

> frontend@0.0.0 build
> vite build

vite v5.0.8 building for production...
transforming...
../../node_modules/lottie-web/build/player/lottie.js (17010:32) Use of eval in "../../node_modules/lottie-web/build/player/lottie.js" is strongly discouraged as it poses security risks and may cause issues with minification.
✓ 458 modules transformed.
rendering chunks...
computing gzip size...
dist/index.html                               0.92 kB │ gzip:   0.47 kB
dist/assets/placeholder_image-upeXka0s.jpg    4.36 kB
dist/assets/l-agence_logo-msqZ6-QT.png        5.96 kB
dist/assets/avatar-PG1-sYQ8.png              23.81 kB
dist/assets/404-vebmKcDh.png                275.52 kB
dist/assets/index-gkxmOD-L.css               30.60 kB │ gzip:   5.91 kB
dist/assets/index-J0BTYcL7.js               819.24 kB │ gzip: 223.64 kB

(!) Some chunks are larger than 500 kB after minification. Consider:
- Using dynamic import() to code-split the application
- Use build.rollupOptions.output.manualChunks to improve chunking: https://rollupjs.org/configuration-options/#output-manualchunks
- Adjust chunk size limit for this warning via build.chunkSizeWarningLimit.
✓ built in 6.91s
npm WARN EBADENGINE Unsupported engine {
npm WARN EBADENGINE   package: 'react-lottie@1.2.4',
npm WARN EBADENGINE   required: { npm: '^3.0.0' },
npm WARN EBADENGINE   current: { node: 'v21.6.1', npm: '10.2.4' }
npm WARN EBADENGINE }

up to date, audited 721 packages in 4s

155 packages are looking for funding
  run `npm fund` for details

found 0 vulnerabilities
