Hit:1 http://security.debian.org/debian-security bullseye-security InRelease
Hit:2 http://httpredir.debian.org/debian bullseye InRelease
Hit:3 http://httpredir.debian.org/debian bullseye-updates InRelease
Get:4 http://security.debian.org/debian-security bullseye-security/non-free Sources [784 B]
Get:5 http://security.debian.org/debian-security bullseye-security/non-free amd64 Packages [680 B]
Get:6 http://security.debian.org/debian-security bullseye-security/non-free Translation-en [472 B]
Get:7 http://httpredir.debian.org/debian bullseye/non-free Sources [81.0 kB]
Get:8 http://httpredir.debian.org/debian bullseye/contrib Sources [43.2 kB]
Get:9 http://httpredir.debian.org/debian bullseye/contrib amd64 Packages [50.4 kB]
Get:10 http://httpredir.debian.org/debian bullseye/contrib Translation-en [46.9 kB]
Get:11 http://httpredir.debian.org/debian bullseye/non-free amd64 Packages [96.3 kB]
Get:12 http://httpredir.debian.org/debian bullseye/non-free Translation-en [92.4 kB]
Fetched 412 kB in 1s (643 kB/s)
Reading package lists...
Hit:1 http://security.debian.org/debian-security bullseye-security InRelease
Hit:2 http://httpredir.debian.org/debian bullseye InRelease
Hit:3 http://httpredir.debian.org/debian bullseye-updates InRelease
Get:4 http://security.debian.org/debian-security bullseye-security/non-free Sources [784 B]
Get:5 http://security.debian.org/debian-security bullseye-security/non-free amd64 Packages [680 B]
Get:6 http://security.debian.org/debian-security bullseye-security/non-free Translation-en [472 B]
Get:7 http://httpredir.debian.org/debian bullseye/non-free Sources [81.0 kB]
Get:8 http://httpredir.debian.org/debian bullseye/contrib Sources [43.2 kB]
Get:9 http://httpredir.debian.org/debian bullseye/contrib amd64 Packages [50.4 kB]
Get:10 http://httpredir.debian.org/debian bullseye/contrib Translation-en [46.9 kB]
Get:11 http://httpredir.debian.org/debian bullseye/non-free amd64 Packages [96.3 kB]
Get:12 http://httpredir.debian.org/debian bullseye/non-free Translation-en [92.4 kB]
Fetched 412 kB in 1s (690 kB/s)
Reading package lists...
Hit:1 http://httpredir.debian.org/debian bullseye InRelease
Hit:2 http://httpredir.debian.org/debian bullseye-updates InRelease
Hit:3 http://security.debian.org/debian-security bullseye-security InRelease
Get:4 http://httpredir.debian.org/debian bullseye/contrib Sources [43.2 kB]
Get:5 http://httpredir.debian.org/debian bullseye/non-free Sources [81.0 kB]
Get:6 http://httpredir.debian.org/debian bullseye/contrib amd64 Packages [50.4 kB]
Get:7 http://httpredir.debian.org/debian bullseye/contrib Translation-en [46.9 kB]
Get:8 http://httpredir.debian.org/debian bullseye/non-free amd64 Packages [96.3 kB]
Get:9 http://httpredir.debian.org/debian bullseye/non-free Translation-en [92.4 kB]
Get:10 http://security.debian.org/debian-security bullseye-security/non-free Sources [784 B]
Get:11 http://security.debian.org/debian-security bullseye-security/non-free amd64 Packages [680 B]
Get:12 http://security.debian.org/debian-security bullseye-security/non-free Translation-en [472 B]
Fetched 412 kB in 1s (761 kB/s)
Reading package lists...
Hit:1 http://httpredir.debian.org/debian bullseye InRelease
Hit:2 http://security.debian.org/debian-security bullseye-security InRelease
Hit:3 http://httpredir.debian.org/debian bullseye-updates InRelease
Get:4 http://httpredir.debian.org/debian bullseye/non-free Sources [81.0 kB]
Get:5 http://httpredir.debian.org/debian bullseye/contrib Sources [43.2 kB]
Get:6 http://httpredir.debian.org/debian bullseye/contrib amd64 Packages [50.4 kB]
Get:7 http://httpredir.debian.org/debian bullseye/contrib Translation-en [46.9 kB]
Get:8 http://httpredir.debian.org/debian bullseye/non-free amd64 Packages [96.3 kB]
Get:9 http://httpredir.debian.org/debian bullseye/non-free Translation-en [92.4 kB]
Get:10 http://security.debian.org/debian-security bullseye-security/non-free Sources [784 B]
Get:11 http://security.debian.org/debian-security bullseye-security/non-free amd64 Packages [680 B]
Get:12 http://security.debian.org/debian-security bullseye-security/non-free Translation-en [472 B]
Fetched 412 kB in 1s (704 kB/s)
Reading package lists...
Hit:1 http://security.debian.org/debian-security bullseye-security InRelease
Hit:2 http://httpredir.debian.org/debian bullseye InRelease
Hit:3 http://httpredir.debian.org/debian bullseye-updates InRelease
Get:4 http://security.debian.org/debian-security bullseye-security/non-free Sources [784 B]
Get:5 http://security.debian.org/debian-security bullseye-security/non-free amd64 Packages [680 B]
Get:6 http://security.debian.org/debian-security bullseye-security/non-free Translation-en [472 B]
Get:7 http://httpredir.debian.org/debian bullseye/non-free Sources [81.0 kB]
Get:8 http://httpredir.debian.org/debian bullseye/contrib Sources [43.2 kB]
Get:9 http://httpredir.debian.org/debian bullseye/contrib amd64 Packages [50.4 kB]
Get:10 http://httpredir.debian.org/debian bullseye/contrib Translation-en [46.9 kB]
Get:11 http://httpredir.debian.org/debian bullseye/non-free amd64 Packages [96.3 kB]
Get:12 http://httpredir.debian.org/debian bullseye/non-free Translation-en [92.4 kB]
Fetched 412 kB in 1s (633 kB/s)
Reading package lists...
Hit:1 http://security.debian.org/debian-security bullseye-security InRelease
Hit:2 http://httpredir.debian.org/debian bullseye InRelease
Hit:3 http://httpredir.debian.org/debian bullseye-updates InRelease
Get:4 http://security.debian.org/debian-security bullseye-security/non-free Sources [784 B]
Get:5 http://security.debian.org/debian-security bullseye-security/non-free amd64 Packages [680 B]
Get:6 http://security.debian.org/debian-security bullseye-security/non-free Translation-en [472 B]
Get:7 http://httpredir.debian.org/debian bullseye/contrib Sources [43.2 kB]
Get:8 http://httpredir.debian.org/debian bullseye/non-free Sources [81.0 kB]
Get:9 http://httpredir.debian.org/debian bullseye/contrib amd64 Packages [50.4 kB]
Get:10 http://httpredir.debian.org/debian bullseye/contrib Translation-en [46.9 kB]
Get:11 http://httpredir.debian.org/debian bullseye/non-free amd64 Packages [96.3 kB]
Get:12 http://httpredir.debian.org/debian bullseye/non-free Translation-en [92.4 kB]
Fetched 412 kB in 1s (589 kB/s)
Reading package lists...
